<?xml version="1.0" encoding="UTF-8"?>
<!-- Generated by org.testng.reporters.JUnitReportReporter -->
<testsuite skipped="1" hostname="m-PC" name="com.tyss.appiumproject.Assigment2" tests="2" failures="0" timestamp="2020-05-19T15:40:56 IST" time="28.514" errors="0">
  <testcase name="tc_CameraNativeApp" time="28.514" classname="com.tyss.appiumproject.Assigment2"/>
  <system-out/>
  <testcase name="tc_RatingBar" classname="com.tyss.appiumproject.Assigment2">
    <skipped/>
  </testcase> <!-- tc_RatingBar -->
  <system-out/>
</testsuite> <!-- com.tyss.appiumproject.Assigment2 -->
