<?xml version="1.0" encoding="UTF-8"?>
<!-- Generated by org.testng.reporters.JUnitReportReporter -->
<testsuite skipped="0" hostname="m-PC" name="com.tyss.appiumproject.StopWatchAppTest" tests="1" failures="0" timestamp="2020-05-20T21:10:25 IST" time="178.066" errors="0">
  <testcase name="tc_StopWatchTimerTest" time="178.066" classname="com.tyss.appiumproject.StopWatchAppTest"/>
  <system-out/>
</testsuite> <!-- com.tyss.appiumproject.StopWatchAppTest -->
