<?xml version="1.0" encoding="UTF-8"?>
<!-- Generated by org.testng.reporters.JUnitReportReporter -->
<testsuite skipped="1" hostname="m-PC" name="com.tyss.appiumproject.Demo_app2" tests="1" failures="0" timestamp="2020-05-12T18:08:57 IST" time="0.000" errors="0">
  <testcase name="tc_openapp" time="0.000" classname="com.tyss.appiumproject.Demo_app2">
    <skipped/>
  </testcase> <!-- tc_openapp -->
  <system-out/>
</testsuite> <!-- com.tyss.appiumproject.Demo_app2 -->
