<?xml version="1.0" encoding="UTF-8"?>
<!-- Generated by org.testng.reporters.JUnitReportReporter -->
<testsuite skipped="2" hostname="m-PC" name="com.tyss.appiumproject.DemoApp1" tests="2" failures="0" timestamp="2020-05-12T18:08:57 IST" time="0.000" errors="0">
  <testcase name="tc_openapp" time="0.000" classname="com.tyss.appiumproject.DemoApp1">
    <skipped/>
  </testcase> <!-- tc_openapp -->
  <system-out/>
  <testcase name="tc_openapp1" classname="com.tyss.appiumproject.DemoApp1">
    <skipped/>
  </testcase> <!-- tc_openapp1 -->
  <system-out/>
</testsuite> <!-- com.tyss.appiumproject.DemoApp1 -->
