<?xml version="1.0" encoding="UTF-8"?>
<!-- Generated by org.testng.reporters.JUnitReportReporter -->
<testsuite skipped="0" hostname="m-PC" name="com.tyss.appiumproject.Gestures" tests="1" failures="0" timestamp="2020-05-21T15:41:01 IST" time="43.713" errors="0">
  <testcase name="tc_TouchActions" time="43.713" classname="com.tyss.appiumproject.Gestures"/>
  <system-out/>
</testsuite> <!-- com.tyss.appiumproject.Gestures -->
