<?xml version="1.0" encoding="UTF-8"?>
<!-- Generated by org.testng.reporters.JUnitReportReporter -->
<testsuite skipped="3" hostname="m-PC" name="com.tyss.appiumproject.ContactsTest" tests="4" failures="0" timestamp="2020-05-19T21:36:02 IST" time="33.936" errors="0">
  <testcase name="tc_ContactsDeleteContact" time="33.936" classname="com.tyss.appiumproject.ContactsTest"/>
  <system-out/>
  <testcase name="tc_ContactsNewContactTest" classname="com.tyss.appiumproject.ContactsTest">
    <skipped/>
  </testcase> <!-- tc_ContactsNewContactTest -->
  <system-out/>
  <testcase name="tc_ContactsEditContactTest" classname="com.tyss.appiumproject.ContactsTest">
    <skipped/>
  </testcase> <!-- tc_ContactsEditContactTest -->
  <system-out/>
  <testcase name="tc_ContactsNativeApp" classname="com.tyss.appiumproject.ContactsTest">
    <skipped/>
  </testcase> <!-- tc_ContactsNativeApp -->
  <system-out/>
</testsuite> <!-- com.tyss.appiumproject.ContactsTest -->
