<?xml version="1.0" encoding="UTF-8"?>
<!-- Generated by org.testng.reporters.JUnitReportReporter -->
<testsuite skipped="0" hostname="m-PC" name="com.tyss.appiumproject.DialNativeApp" tests="1" failures="0" timestamp="2020-05-27T16:11:42 IST" time="62.713" errors="0">
  <testcase name="tc_DialApp" time="62.713" classname="com.tyss.appiumproject.DialNativeApp"/>
  <system-out/>
</testsuite> <!-- com.tyss.appiumproject.DialNativeApp -->
