<?xml version="1.0" encoding="UTF-8"?>
<!-- Generated by org.testng.reporters.JUnitReportReporter -->
<testsuite skipped="0" hostname="m-PC" name="com.tyss.appiumproject.WebViewTestApp" tests="1" failures="0" timestamp="2020-05-28T15:49:26 IST" time="53.507" errors="0">
  <testcase name="tc_HybridApptest" time="53.507" classname="com.tyss.appiumproject.WebViewTestApp"/>
  <system-out/>
</testsuite> <!-- com.tyss.appiumproject.WebViewTestApp -->
