<?xml version="1.0" encoding="UTF-8"?>
<!-- Generated by org.testng.reporters.JUnitReportReporter -->
<testsuite skipped="0" hostname="m-PC" name="com.tyss.appiumproject.Pedometer" tests="1" failures="0" timestamp="2020-05-21T13:46:24 IST" time="48.092" errors="0">
  <testcase name="tc_PedometerOpen" time="48.092" classname="com.tyss.appiumproject.Pedometer"/>
  <system-out/>
</testsuite> <!-- com.tyss.appiumproject.Pedometer -->
