<?xml version="1.0" encoding="UTF-8"?>
<!-- Generated by org.testng.reporters.JUnitReportReporter -->
<testsuite skipped="5" hostname="m-PC" name="com.tyss.appiumproject.Assignments" tests="6" failures="0" timestamp="2020-05-19T14:34:42 IST" time="30.582" errors="0">
  <testcase name="tc_TouchScreenTestAppCrossShape" time="30.582" classname="com.tyss.appiumproject.Assignments"/>
  <system-out/>
  <testcase name="tc_SwipeSeekBarTo80Percent" classname="com.tyss.appiumproject.Assignments">
    <skipped/>
  </testcase> <!-- tc_SwipeSeekBarTo80Percent -->
  <system-out/>
  <testcase name="tc_TouchScreenTestAppLshape" classname="com.tyss.appiumproject.Assignments">
    <skipped/>
  </testcase> <!-- tc_TouchScreenTestAppLshape -->
  <system-out/>
  <testcase name="tc_TouchScreenTestAppSquare" classname="com.tyss.appiumproject.Assignments">
    <skipped/>
  </testcase> <!-- tc_TouchScreenTestAppSquare -->
  <system-out/>
  <testcase name="tc_TouchScreenTestAppLDiagonal" classname="com.tyss.appiumproject.Assignments">
    <skipped/>
  </testcase> <!-- tc_TouchScreenTestAppLDiagonal -->
  <system-out/>
  <testcase name="tc_XpathAndDropDownHandle" classname="com.tyss.appiumproject.Assignments">
    <skipped/>
  </testcase> <!-- tc_XpathAndDropDownHandle -->
  <system-out/>
</testsuite> <!-- com.tyss.appiumproject.Assignments -->
