<?xml version="1.0" encoding="UTF-8"?>
<!-- Generated by org.testng.reporters.JUnitReportReporter -->
<testsuite skipped="0" hostname="m-PC" name="com.tyss.appiumproject.DragAndDropTest" tests="1" failures="0" timestamp="2020-05-27T14:35:35 IST" time="51.442" errors="0">
  <testcase name="tc_openapp" time="51.442" classname="com.tyss.appiumproject.DragAndDropTest"/>
  <system-out/>
</testsuite> <!-- com.tyss.appiumproject.DragAndDropTest -->
