<?xml version="1.0" encoding="UTF-8"?>
<!-- Generated by org.testng.reporters.JUnitReportReporter -->
<testsuite skipped="5" hostname="m-PC" name="com.tyss.appiumproject.DemoDriverRotatetest" tests="6" failures="0" timestamp="2020-05-14T16:38:23 IST" time="40.125" errors="0">
  <testcase name="tc_FindElementByAndroidAutomator" time="40.125" classname="com.tyss.appiumproject.DemoDriverRotatetest"/>
  <system-out/>
  <testcase name="tc_NotificationRemainder" classname="com.tyss.appiumproject.DemoDriverRotatetest">
    <skipped/>
  </testcase> <!-- tc_NotificationRemainder -->
  <system-out/>
  <testcase name="tc_TapTest" classname="com.tyss.appiumproject.DemoDriverRotatetest">
    <skipped/>
  </testcase> <!-- tc_TapTest -->
  <system-out/>
  <testcase name="tc_rotateTest" classname="com.tyss.appiumproject.DemoDriverRotatetest">
    <skipped/>
  </testcase> <!-- tc_rotateTest -->
  <system-out/>
  <testcase name="tc_OpenNotificationNetworkOnOff" classname="com.tyss.appiumproject.DemoDriverRotatetest">
    <skipped/>
  </testcase> <!-- tc_OpenNotificationNetworkOnOff -->
  <system-out/>
  <testcase name="tc_TapOnCoOrdinates" classname="com.tyss.appiumproject.DemoDriverRotatetest">
    <skipped/>
  </testcase> <!-- tc_TapOnCoOrdinates -->
  <system-out/>
</testsuite> <!-- com.tyss.appiumproject.DemoDriverRotatetest -->
