<?xml version="1.0" encoding="UTF-8"?>
<!-- Generated by org.testng.reporters.JUnitReportReporter -->
<testsuite skipped="2" hostname="m-PC" name="com.tyss.appiumproject.SwitchingBtwApps" tests="3" failures="0" timestamp="2020-05-21T16:05:43 IST" time="36.420" errors="0">
  <testcase name="tc_LockAndUnlockDevice" time="36.420" classname="com.tyss.appiumproject.SwitchingBtwApps"/>
  <system-out/>
  <testcase name="tc_SwitchToApiDemos" classname="com.tyss.appiumproject.SwitchingBtwApps">
    <skipped/>
  </testcase> <!-- tc_SwitchToApiDemos -->
  <system-out/>
  <testcase name="tc_SwitchApps" classname="com.tyss.appiumproject.SwitchingBtwApps">
    <skipped/>
  </testcase> <!-- tc_SwitchApps -->
  <system-out/>
</testsuite> <!-- com.tyss.appiumproject.SwitchingBtwApps -->
