<?xml version="1.0" encoding="UTF-8"?>
<!-- Generated by org.testng.reporters.JUnitReportReporter -->
<testsuite skipped="0" hostname="m-PC" name="com.tyss.appiumproject.TrainingBigBasketTest" tests="1" failures="0" timestamp="2020-05-26T14:20:22 IST" time="45.444" errors="0">
  <testcase name="tc_openapp" time="45.444" classname="com.tyss.appiumproject.TrainingBigBasketTest"/>
  <system-out/>
</testsuite> <!-- com.tyss.appiumproject.TrainingBigBasketTest -->
