<?xml version="1.0" encoding="UTF-8"?>
<!-- Generated by org.testng.reporters.JUnitReportReporter -->
<testsuite skipped="0" hostname="m-PC" name="com.tyss.appiumproject.WebAppDemo" tests="1" failures="0" timestamp="2020-05-28T15:20:25 IST" time="52.640" errors="0">
  <testcase name="tc_webAppOpenBrowser" time="52.640" classname="com.tyss.appiumproject.WebAppDemo"/>
  <system-out/>
</testsuite> <!-- com.tyss.appiumproject.WebAppDemo -->
