<?xml version="1.0" encoding="UTF-8"?>
<!-- Generated by org.testng.reporters.JUnitReportReporter -->
<testsuite skipped="0" hostname="m-PC" name="com.tyss.appiumproject.DragAndDrop2app" tests="2" failures="0" timestamp="2020-05-27T15:31:19 IST" time="72.052" errors="0">
  <testcase name="tc_draganddrop2" time="33.471" classname="com.tyss.appiumproject.DragAndDrop2app"/>
  <system-out/>
  <testcase name="tc_multiTouchtestApp" time="38.581" classname="com.tyss.appiumproject.DragAndDrop2app"/>
  <system-out/>
</testsuite> <!-- com.tyss.appiumproject.DragAndDrop2app -->
